rake aborted!
Bundler::GemRequireError: There was an error while trying to load the gem 'sqlite3'. (Bundler::GemRequireError)
Gem Load Error is: /home/twantoro/project/ofelos/vendor/bundle/ruby/3.2.0/gems/sqlite3-1.3.13/lib/sqlite3/sqlite3_native.so: undefined symbol: rb_tainted_str_new - /home/twantoro/project/ofelos/vendor/bundle/ruby/3.2.0/gems/sqlite3-1.3.13/lib/sqlite3/sqlite3_native.so
Backtrace for gem load error is:
<internal:/usr/lib/ruby/vendor_ruby/rubygems/core_ext/kernel_require.rb>:38:in `require'
<internal:/usr/lib/ruby/vendor_ruby/rubygems/core_ext/kernel_require.rb>:38:in `require'
/home/twantoro/project/ofelos/vendor/bundle/ruby/3.2.0/gems/sqlite3-1.3.13/lib/sqlite3.rb:6:in `rescue in <top (required)>'
/home/twantoro/project/ofelos/vendor/bundle/ruby/3.2.0/gems/sqlite3-1.3.13/lib/sqlite3.rb:2:in `<top (required)>'
/home/twantoro/.local/share/gem/ruby/3.2.0/gems/bundler-4.0.3/lib/bundler/runtime.rb:63:in `require'
/home/twantoro/.local/share/gem/ruby/3.2.0/gems/bundler-4.0.3/lib/bundler/runtime.rb:63:in `block (2 levels) in require'
/home/twantoro/.local/share/gem/ruby/3.2.0/gems/bundler-4.0.3/lib/bundler/runtime.rb:58:in `each'
/home/twantoro/.local/share/gem/ruby/3.2.0/gems/bundler-4.0.3/lib/bundler/runtime.rb:58:in `block in require'
/home/twantoro/.local/share/gem/ruby/3.2.0/gems/bundler-4.0.3/lib/bundler/runtime.rb:52:in `each'
/home/twantoro/.local/share/gem/ruby/3.2.0/gems/bundler-4.0.3/lib/bundler/runtime.rb:52:in `require'
/home/twantoro/.local/share/gem/ruby/3.2.0/gems/bundler-4.0.3/lib/bundler.rb:213:in `require'
/home/twantoro/project/ofelos/config/application.rb:7:in `<top (required)>'
/home/twantoro/project/ofelos/Rakefile:4:in `require_relative'
/home/twantoro/project/ofelos/Rakefile:4:in `<top (required)>'
/home/twantoro/project/ofelos/vendor/bundle/ruby/3.2.0/gems/rake-13.3.1/lib/rake/rake_module.rb:29:in `load'
/home/twantoro/project/ofelos/vendor/bundle/ruby/3.2.0/gems/rake-13.3.1/lib/rake/rake_module.rb:29:in `load_rakefile'
/home/twantoro/project/ofelos/vendor/bundle/ruby/3.2.0/gems/rake-13.3.1/lib/rake/application.rb:740:in `raw_load_rakefile'
/home/twantoro/project/ofelos/vendor/bundle/ruby/3.2.0/gems/rake-13.3.1/lib/rake/application.rb:126:in `block in load_rakefile'
/home/twantoro/project/ofelos/vendor/bundle/ruby/3.2.0/gems/rake-13.3.1/lib/rake/application.rb:214:in `standard_exception_handling'
/home/twantoro/project/ofelos/vendor/bundle/ruby/3.2.0/gems/rake-13.3.1/lib/rake/application.rb:125:in `load_rakefile'
/home/twantoro/project/ofelos/vendor/bundle/ruby/3.2.0/gems/rake-13.3.1/lib/rake/application.rb:82:in `block in run'
/home/twantoro/project/ofelos/vendor/bundle/ruby/3.2.0/gems/rake-13.3.1/lib/rake/application.rb:214:in `standard_exception_handling'
/home/twantoro/project/ofelos/vendor/bundle/ruby/3.2.0/gems/rake-13.3.1/lib/rake/application.rb:80:in `run'
/home/twantoro/project/ofelos/vendor/bundle/ruby/3.2.0/gems/rake-13.3.1/exe/rake:27:in `<top (required)>'
/home/twantoro/project/ofelos/vendor/bundle/ruby/3.2.0/bin/rake:25:in `load'
/home/twantoro/project/ofelos/vendor/bundle/ruby/3.2.0/bin/rake:25:in `<main>'
Bundler Error Backtrace:
/home/twantoro/.local/share/gem/ruby/3.2.0/gems/bundler-4.0.3/lib/bundler/runtime.rb:71:in `rescue in block (2 levels) in require'
/home/twantoro/.local/share/gem/ruby/3.2.0/gems/bundler-4.0.3/lib/bundler/runtime.rb:62:in `block (2 levels) in require'
/home/twantoro/.local/share/gem/ruby/3.2.0/gems/bundler-4.0.3/lib/bundler/runtime.rb:58:in `each'
/home/twantoro/.local/share/gem/ruby/3.2.0/gems/bundler-4.0.3/lib/bundler/runtime.rb:58:in `block in require'
/home/twantoro/.local/share/gem/ruby/3.2.0/gems/bundler-4.0.3/lib/bundler/runtime.rb:52:in `each'
/home/twantoro/.local/share/gem/ruby/3.2.0/gems/bundler-4.0.3/lib/bundler/runtime.rb:52:in `require'
/home/twantoro/.local/share/gem/ruby/3.2.0/gems/bundler-4.0.3/lib/bundler.rb:213:in `require'
/home/twantoro/project/ofelos/config/application.rb:7:in `<top (required)>'
/home/twantoro/project/ofelos/Rakefile:4:in `require_relative'
/home/twantoro/project/ofelos/Rakefile:4:in `<top (required)>'
/home/twantoro/project/ofelos/vendor/bundle/ruby/3.2.0/gems/rake-13.3.1/exe/rake:27:in `<top (required)>'

Caused by:
LoadError: /home/twantoro/project/ofelos/vendor/bundle/ruby/3.2.0/gems/sqlite3-1.3.13/lib/sqlite3/sqlite3_native.so: undefined symbol: rb_tainted_str_new - /home/twantoro/project/ofelos/vendor/bundle/ruby/3.2.0/gems/sqlite3-1.3.13/lib/sqlite3/sqlite3_native.so (LoadError)
<internal:/usr/lib/ruby/vendor_ruby/rubygems/core_ext/kernel_require.rb>:38:in `require'
<internal:/usr/lib/ruby/vendor_ruby/rubygems/core_ext/kernel_require.rb>:38:in `require'
/home/twantoro/project/ofelos/vendor/bundle/ruby/3.2.0/gems/sqlite3-1.3.13/lib/sqlite3.rb:6:in `rescue in <top (required)>'
/home/twantoro/project/ofelos/vendor/bundle/ruby/3.2.0/gems/sqlite3-1.3.13/lib/sqlite3.rb:2:in `<top (required)>'
/home/twantoro/.local/share/gem/ruby/3.2.0/gems/bundler-4.0.3/lib/bundler/runtime.rb:63:in `require'
/home/twantoro/.local/share/gem/ruby/3.2.0/gems/bundler-4.0.3/lib/bundler/runtime.rb:63:in `block (2 levels) in require'
/home/twantoro/.local/share/gem/ruby/3.2.0/gems/bundler-4.0.3/lib/bundler/runtime.rb:58:in `each'
/home/twantoro/.local/share/gem/ruby/3.2.0/gems/bundler-4.0.3/lib/bundler/runtime.rb:58:in `block in require'
/home/twantoro/.local/share/gem/ruby/3.2.0/gems/bundler-4.0.3/lib/bundler/runtime.rb:52:in `each'
/home/twantoro/.local/share/gem/ruby/3.2.0/gems/bundler-4.0.3/lib/bundler/runtime.rb:52:in `require'
/home/twantoro/.local/share/gem/ruby/3.2.0/gems/bundler-4.0.3/lib/bundler.rb:213:in `require'
/home/twantoro/project/ofelos/config/application.rb:7:in `<top (required)>'
/home/twantoro/project/ofelos/Rakefile:4:in `require_relative'
/home/twantoro/project/ofelos/Rakefile:4:in `<top (required)>'
/home/twantoro/project/ofelos/vendor/bundle/ruby/3.2.0/gems/rake-13.3.1/exe/rake:27:in `<top (required)>'

Caused by:
LoadError: cannot load such file -- sqlite3/3.2/sqlite3_native (LoadError)
<internal:/usr/lib/ruby/vendor_ruby/rubygems/core_ext/kernel_require.rb>:38:in `require'
<internal:/usr/lib/ruby/vendor_ruby/rubygems/core_ext/kernel_require.rb>:38:in `require'
/home/twantoro/project/ofelos/vendor/bundle/ruby/3.2.0/gems/sqlite3-1.3.13/lib/sqlite3.rb:4:in `<top (required)>'
/home/twantoro/.local/share/gem/ruby/3.2.0/gems/bundler-4.0.3/lib/bundler/runtime.rb:63:in `require'
/home/twantoro/.local/share/gem/ruby/3.2.0/gems/bundler-4.0.3/lib/bundler/runtime.rb:63:in `block (2 levels) in require'
/home/twantoro/.local/share/gem/ruby/3.2.0/gems/bundler-4.0.3/lib/bundler/runtime.rb:58:in `each'
/home/twantoro/.local/share/gem/ruby/3.2.0/gems/bundler-4.0.3/lib/bundler/runtime.rb:58:in `block in require'
/home/twantoro/.local/share/gem/ruby/3.2.0/gems/bundler-4.0.3/lib/bundler/runtime.rb:52:in `each'
/home/twantoro/.local/share/gem/ruby/3.2.0/gems/bundler-4.0.3/lib/bundler/runtime.rb:52:in `require'
/home/twantoro/.local/share/gem/ruby/3.2.0/gems/bundler-4.0.3/lib/bundler.rb:213:in `require'
/home/twantoro/project/ofelos/config/application.rb:7:in `<top (required)>'
/home/twantoro/project/ofelos/Rakefile:4:in `require_relative'
/home/twantoro/project/ofelos/Rakefile:4:in `<top (required)>'
/home/twantoro/project/ofelos/vendor/bundle/ruby/3.2.0/gems/rake-13.3.1/exe/rake:27:in `<top (required)>'
(See full trace by running task with --trace)
