rake aborted!
Gem::LoadError: can't activate listen (~> 3.5), already activated listen-3.0.8. Make sure all dependencies are added to Gemfile. (Gem::LoadError)
/home/twantoro/.local/share/gem/ruby/3.2.0/gems/bundler-4.0.3/lib/bundler/rubygems_integration.rb:215:in `block (2 levels) in replace_gem'
/home/twantoro/project/ofelos/vendor/bundle/ruby/3.2.0/gems/activesupport-7.0.10/lib/active_support/evented_file_update_checker.rb:3:in `<top (required)>'
<internal:/usr/lib/ruby/vendor_ruby/rubygems/core_ext/kernel_require.rb>:38:in `require'
<internal:/usr/lib/ruby/vendor_ruby/rubygems/core_ext/kernel_require.rb>:38:in `require'
/home/twantoro/project/ofelos/vendor/bundle/ruby/3.2.0/gems/zeitwerk-2.7.4/lib/zeitwerk/core_ext/kernel.rb:34:in `require'
/home/twantoro/project/ofelos/config/environments/development.rb:53:in `block in <top (required)>'
/home/twantoro/project/ofelos/vendor/bundle/ruby/3.2.0/gems/railties-7.0.10/lib/rails/railtie.rb:257:in `instance_eval'
/home/twantoro/project/ofelos/vendor/bundle/ruby/3.2.0/gems/railties-7.0.10/lib/rails/railtie.rb:257:in `configure'
/home/twantoro/project/ofelos/config/environments/development.rb:1:in `<top (required)>'
<internal:/usr/lib/ruby/vendor_ruby/rubygems/core_ext/kernel_require.rb>:38:in `require'
<internal:/usr/lib/ruby/vendor_ruby/rubygems/core_ext/kernel_require.rb>:38:in `require'
/home/twantoro/project/ofelos/vendor/bundle/ruby/3.2.0/gems/zeitwerk-2.7.4/lib/zeitwerk/core_ext/kernel.rb:34:in `require'
/home/twantoro/project/ofelos/vendor/bundle/ruby/3.2.0/gems/railties-7.0.10/lib/rails/engine.rb:563:in `block (2 levels) in <class:Engine>'
/home/twantoro/project/ofelos/vendor/bundle/ruby/3.2.0/gems/railties-7.0.10/lib/rails/engine.rb:562:in `each'
/home/twantoro/project/ofelos/vendor/bundle/ruby/3.2.0/gems/railties-7.0.10/lib/rails/engine.rb:562:in `block in <class:Engine>'
/home/twantoro/project/ofelos/vendor/bundle/ruby/3.2.0/gems/railties-7.0.10/lib/rails/initializable.rb:32:in `instance_exec'
/home/twantoro/project/ofelos/vendor/bundle/ruby/3.2.0/gems/railties-7.0.10/lib/rails/initializable.rb:32:in `run'
/home/twantoro/project/ofelos/vendor/bundle/ruby/3.2.0/gems/railties-7.0.10/lib/rails/initializable.rb:61:in `block in run_initializers'
/home/twantoro/project/ofelos/vendor/bundle/ruby/3.2.0/gems/railties-7.0.10/lib/rails/initializable.rb:50:in `each'
/home/twantoro/project/ofelos/vendor/bundle/ruby/3.2.0/gems/railties-7.0.10/lib/rails/initializable.rb:50:in `tsort_each_child'
/home/twantoro/project/ofelos/vendor/bundle/ruby/3.2.0/gems/railties-7.0.10/lib/rails/initializable.rb:60:in `run_initializers'
/home/twantoro/project/ofelos/vendor/bundle/ruby/3.2.0/gems/railties-7.0.10/lib/rails/application.rb:375:in `initialize!'
/home/twantoro/project/ofelos/config/environment.rb:5:in `<top (required)>'
<internal:/usr/lib/ruby/vendor_ruby/rubygems/core_ext/kernel_require.rb>:38:in `require'
<internal:/usr/lib/ruby/vendor_ruby/rubygems/core_ext/kernel_require.rb>:38:in `require'
/home/twantoro/project/ofelos/vendor/bundle/ruby/3.2.0/gems/zeitwerk-2.7.4/lib/zeitwerk/core_ext/kernel.rb:34:in `require'
/home/twantoro/project/ofelos/vendor/bundle/ruby/3.2.0/gems/railties-7.0.10/lib/rails/application.rb:351:in `require_environment!'
/home/twantoro/project/ofelos/vendor/bundle/ruby/3.2.0/gems/railties-7.0.10/lib/rails/application.rb:509:in `block in run_tasks_blocks'
/home/twantoro/project/ofelos/vendor/bundle/ruby/3.2.0/gems/rake-13.3.1/exe/rake:27:in `<top (required)>'
Tasks: TOP => db:migrate => db:load_config => environment
(See full trace by running task with --trace)
